<?xml version="1.0" encoding="UTF-8"?>
<!-- Generated by org.testng.reporters.JUnitXMLReporter -->
<testsuite ignored="0" hostname="DESKTOP-VS3MLQ4" failures="0" tests="3" name="ChromeTest" time="16.06" errors="0" timestamp="2021-02-18T15:45:46 IST">
  <testcase classname="excercise.CrossBrowserTesting" name="login" time="0.771"/>
  <testcase classname="excercise.ParallelTestingTest" name="title" time="0.014"/>
  <testcase classname="excercise.ParallelTestingTest" name="login" time="0.566"/>
</testsuite> <!-- ChromeTest -->
