<?xml version="1.0" encoding="UTF-8"?>
<testng-results ignored="0" total="1" passed="1" failed="0" skipped="0">
  <reporter-output>
  </reporter-output>
  <suite started-at="2021-02-16T11:42:36 IST" name="Default suite" finished-at="2021-02-16T11:42:54 IST" duration-ms="18650">
    <groups>
    </groups>
    <test started-at="2021-02-16T11:42:36 IST" name="Default test" finished-at="2021-02-16T11:42:54 IST" duration-ms="18650">
      <class name="examples.ExerciceCalender">
        <test-method is-config="true" signature="InitialSetup()[pri:0, instance:examples.ExerciceCalender@7a419da4]" started-at="2021-02-16T11:42:36 IST" name="InitialSetup" finished-at="2021-02-16T11:42:44 IST" duration-ms="8248" status="PASS">
          <reporter-output>
          </reporter-output>
        </test-method> <!-- InitialSetup -->
        <test-method signature="Calender()[pri:0, instance:examples.ExerciceCalender@7a419da4]" started-at="2021-02-16T11:42:44 IST" name="Calender" finished-at="2021-02-16T11:42:54 IST" duration-ms="10090" status="PASS">
          <reporter-output>
          </reporter-output>
        </test-method> <!-- Calender -->
        <test-method is-config="true" signature="tearDown()[pri:0, instance:examples.ExerciceCalender@7a419da4]" started-at="2021-02-16T11:42:54 IST" name="tearDown" finished-at="2021-02-16T11:42:54 IST" duration-ms="223" status="PASS">
          <reporter-output>
          </reporter-output>
        </test-method> <!-- tearDown -->
      </class> <!-- examples.ExerciceCalender -->
    </test> <!-- Default test -->
  </suite> <!-- Default suite -->
</testng-results>
